Building DAG of jobs...
Using shell: /usr/bin/bash
Provided cores: 32
Rules claiming more threads will be scaled down.
Job stats:
job                            count    min threads    max threads
---------------------------  -------  -------------  -------------
all                                1              1              1
count_reads                       82              1              1
create_panel_db                    1              1              1
get_probe_reads_per_million       82              1              1
get_total_read_counts              1              1              1
gzip_probes                        1              1              1
mosdepth                          82              1              1
total                            250              1              1

Select jobs to execute...

[Mon Oct 25 17:04:43 2021]
rule count_reads:
    input: workpanel/WES207_S29.bam
    output: workpanel/ReadCounts/WES207_S29.num_reads.txt
    log: logs/mosdepth.WES207_S29.log
    jobid: 110
    wildcards: sample=WES207_S29
    resources: tmpdir=/tmp


[Mon Oct 25 17:04:43 2021]
rule count_reads:
    input: workpanel/WES32_S66.bam
    output: workpanel/ReadCounts/WES32_S66.num_reads.txt
    log: logs/mosdepth.WES32_S66.log
    jobid: 140
    wildcards: sample=WES32_S66
    resources: tmpdir=/tmp


[Mon Oct 25 17:04:43 2021]
rule count_reads:
    input: workpanel/WES45_S28.bam
    output: workpanel/ReadCounts/WES45_S28.num_reads.txt
    log: logs/mosdepth.WES45_S28.log
    jobid: 154
    wildcards: sample=WES45_S28
    resources: tmpdir=/tmp


[Mon Oct 25 17:04:43 2021]
rule mosdepth:
    input: workpanel/WES16_S27.bam
    output: workpanel/Mosdepth/WES16_S27.per-base.bed.gz, workpanel/Mosdepth/WES16_S27.per-base.bed.gz.tbi
    log: logs/mosdepth.WES16_S27.log
    jobid: 13
    wildcards: sample=WES16_S27
    resources: tmpdir=/tmp


[Mon Oct 25 17:04:43 2021]
rule mosdepth:
    input: workpanel/WES208_S33.bam
    output: workpanel/Mosdepth/WES208_S33.per-base.bed.gz, workpanel/Mosdepth/WES208_S33.per-base.bed.gz.tbi
    log: logs/mosdepth.WES208_S33.log
    jobid: 28
    wildcards: sample=WES208_S33
    resources: tmpdir=/tmp


[Mon Oct 25 17:04:43 2021]
rule mosdepth:
    input: workpanel/WES33_S34.bam
    output: workpanel/Mosdepth/WES33_S34.per-base.bed.gz, workpanel/Mosdepth/WES33_S34.per-base.bed.gz.tbi
    log: logs/mosdepth.WES33_S34.log
    jobid: 58
    wildcards: sample=WES33_S34
    resources: tmpdir=/tmp


[Mon Oct 25 17:04:43 2021]
rule count_reads:
    input: workpanel/GIAB2_052020_S50.bam
    output: workpanel/ReadCounts/GIAB2_052020_S50.num_reads.txt
    log: logs/mosdepth.GIAB2_052020_S50.log
    jobid: 88
    wildcards: sample=GIAB2_052020_S50
    resources: tmpdir=/tmp


[Mon Oct 25 17:04:43 2021]
rule count_reads:
    input: workpanel/WES39_S35.bam
    output: workpanel/ReadCounts/WES39_S35.num_reads.txt
    log: logs/mosdepth.WES39_S35.log
    jobid: 147
    wildcards: sample=WES39_S35
    resources: tmpdir=/tmp


[Mon Oct 25 17:04:43 2021]
rule count_reads:
    input: workpanel/WES6_S4.bam
    output: workpanel/ReadCounts/WES6_S4.num_reads.txt
    log: logs/mosdepth.WES6_S4.log
    jobid: 162
    wildcards: sample=WES6_S4
    resources: tmpdir=/tmp


[Mon Oct 25 17:04:43 2021]
rule count_reads:
    input: workpanel/WES48_S39.bam
    output: workpanel/ReadCounts/WES48_S39.num_reads.txt
    log: logs/mosdepth.WES48_S39.log
    jobid: 157
    wildcards: sample=WES48_S39
    resources: tmpdir=/tmp


[Mon Oct 25 17:04:43 2021]
rule count_reads:
    input: workpanel/WES34_S8.bam
    output: workpanel/ReadCounts/WES34_S8.num_reads.txt
    log: logs/mosdepth.WES34_S8.log
    jobid: 142
    wildcards: sample=WES34_S8
    resources: tmpdir=/tmp


[Mon Oct 25 17:04:43 2021]
rule mosdepth:
    input: workpanel/WES12_S23.bam
    output: workpanel/Mosdepth/WES12_S23.per-base.bed.gz, workpanel/Mosdepth/WES12_S23.per-base.bed.gz.tbi
    log: logs/mosdepth.WES12_S23.log
    jobid: 9
    wildcards: sample=WES12_S23
    resources: tmpdir=/tmp


[Mon Oct 25 17:04:43 2021]
rule mosdepth:
    input: workpanel/WES205_S52.bam
    output: workpanel/Mosdepth/WES205_S52.per-base.bed.gz, workpanel/Mosdepth/WES205_S52.per-base.bed.gz.tbi
    log: logs/mosdepth.WES205_S52.log
    jobid: 24
    wildcards: sample=WES205_S52
    resources: tmpdir=/tmp


[Mon Oct 25 17:04:44 2021]
rule mosdepth:
    input: workpanel/WES3_S2.bam
    output: workpanel/Mosdepth/WES3_S2.per-base.bed.gz, workpanel/Mosdepth/WES3_S2.per-base.bed.gz.tbi
    log: logs/mosdepth.WES3_S2.log
    jobid: 54
    wildcards: sample=WES3_S2
    resources: tmpdir=/tmp


[Mon Oct 25 17:04:44 2021]
rule count_reads:
    input: workpanel/GIAB_061020_S25.bam
    output: workpanel/ReadCounts/GIAB_061020_S25.num_reads.txt
    log: logs/mosdepth.GIAB_061020_S25.log
    jobid: 85
    wildcards: sample=GIAB_061020_S25
    resources: tmpdir=/tmp


[Mon Oct 25 17:04:44 2021]
rule count_reads:
    input: workpanel/WES21_S53.bam
    output: workpanel/ReadCounts/WES21_S53.num_reads.txt
    log: logs/mosdepth.WES21_S53.log
    jobid: 114
    wildcards: sample=WES21_S53
    resources: tmpdir=/tmp


[Mon Oct 25 17:04:44 2021]
rule count_reads:
    input: workpanel/WES35_S15.bam
    output: workpanel/ReadCounts/WES35_S15.num_reads.txt
    log: logs/mosdepth.WES35_S15.log
    jobid: 143
    wildcards: sample=WES35_S15
    resources: tmpdir=/tmp


[Mon Oct 25 17:04:44 2021]
rule count_reads:
    input: workpanel/WES49_S5.bam
    output: workpanel/ReadCounts/WES49_S5.num_reads.txt
    log: logs/mosdepth.WES49_S5.log
    jobid: 158
    wildcards: sample=WES49_S5
    resources: tmpdir=/tmp


[Mon Oct 25 17:04:44 2021]
rule mosdepth:
    input: workpanel/WES13_S25.bam
    output: workpanel/Mosdepth/WES13_S25.per-base.bed.gz, workpanel/Mosdepth/WES13_S25.per-base.bed.gz.tbi
    log: logs/mosdepth.WES13_S25.log
    jobid: 10
    wildcards: sample=WES13_S25
    resources: tmpdir=/tmp


[Mon Oct 25 17:04:44 2021]
rule count_reads:
    input: workpanel/GIAB_062520_S4.bam
    output: workpanel/ReadCounts/GIAB_062520_S4.num_reads.txt
    log: logs/mosdepth.GIAB_062520_S4.log
    jobid: 86
    wildcards: sample=GIAB_062520_S4
    resources: tmpdir=/tmp


[Mon Oct 25 17:04:44 2021]
rule count_reads:
    input: workpanel/WES211_S11.bam
    output: workpanel/ReadCounts/WES211_S11.num_reads.txt
    log: logs/mosdepth.WES211_S11.log
    jobid: 116
    wildcards: sample=WES211_S11
    resources: tmpdir=/tmp


[Mon Oct 25 17:04:44 2021]
rule count_reads:
    input: workpanel/WES50_S11.bam
    output: workpanel/ReadCounts/WES50_S11.num_reads.txt
    log: logs/mosdepth.WES50_S11.log
    jobid: 160
    wildcards: sample=WES50_S11
    resources: tmpdir=/tmp


[Mon Oct 25 17:04:44 2021]
rule mosdepth:
    input: workpanel/WES31_S65.bam
    output: workpanel/Mosdepth/WES31_S65.per-base.bed.gz, workpanel/Mosdepth/WES31_S65.per-base.bed.gz.tbi
    log: logs/mosdepth.WES31_S65.log
    jobid: 56
    wildcards: sample=WES31_S65
    resources: tmpdir=/tmp


[Mon Oct 25 17:04:44 2021]
rule count_reads:
    input: workpanel/WES37_S27.bam
    output: workpanel/ReadCounts/WES37_S27.num_reads.txt
    log: logs/mosdepth.WES37_S27.log
    jobid: 145
    wildcards: sample=WES37_S27
    resources: tmpdir=/tmp


[Mon Oct 25 17:04:44 2021]
rule mosdepth:
    input: workpanel/GIAB_042920_S12.bam
    output: workpanel/Mosdepth/GIAB_042920_S12.per-base.bed.gz, workpanel/Mosdepth/GIAB_042920_S12.per-base.bed.gz.tbi
    log: logs/mosdepth.GIAB_042920_S12.log
    jobid: 1
    wildcards: sample=GIAB_042920_S12
    resources: tmpdir=/tmp


[Mon Oct 25 17:04:44 2021]
rule mosdepth:
    input: workpanel/WES15_S26.bam
    output: workpanel/Mosdepth/WES15_S26.per-base.bed.gz, workpanel/Mosdepth/WES15_S26.per-base.bed.gz.tbi
    log: logs/mosdepth.WES15_S26.log
    jobid: 12
    wildcards: sample=WES15_S26
    resources: tmpdir=/tmp


[Mon Oct 25 17:04:44 2021]
rule mosdepth:
    input: workpanel/WES207_S29.bam
    output: workpanel/Mosdepth/WES207_S29.per-base.bed.gz, workpanel/Mosdepth/WES207_S29.per-base.bed.gz.tbi
    log: logs/mosdepth.WES207_S29.log
    jobid: 27
    wildcards: sample=WES207_S29
    resources: tmpdir=/tmp


[Mon Oct 25 17:04:44 2021]
rule mosdepth:
    input: workpanel/WES32_S66.bam
    output: workpanel/Mosdepth/WES32_S66.per-base.bed.gz, workpanel/Mosdepth/WES32_S66.per-base.bed.gz.tbi
    log: logs/mosdepth.WES32_S66.log
    jobid: 57
    wildcards: sample=WES32_S66
    resources: tmpdir=/tmp


[Mon Oct 25 17:04:44 2021]
rule count_reads:
    input: workpanel/GIAB1_052020_S50.bam
    output: workpanel/ReadCounts/GIAB1_052020_S50.num_reads.txt
    log: logs/mosdepth.GIAB1_052020_S50.log
    jobid: 87
    wildcards: sample=GIAB1_052020_S50
    resources: tmpdir=/tmp


[Mon Oct 25 17:04:44 2021]
rule count_reads:
    input: workpanel/WES212_S30.bam
    output: workpanel/ReadCounts/WES212_S30.num_reads.txt
    log: logs/mosdepth.WES212_S30.log
    jobid: 117
    wildcards: sample=WES212_S30
    resources: tmpdir=/tmp


[Mon Oct 25 17:04:44 2021]
rule count_reads:
    input: workpanel/WES38_S30.bam
    output: workpanel/ReadCounts/WES38_S30.num_reads.txt
    log: logs/mosdepth.WES38_S30.log
    jobid: 146
    wildcards: sample=WES38_S30
    resources: tmpdir=/tmp


[Mon Oct 25 17:04:44 2021]
rule count_reads:
    input: workpanel/WES51_S18.bam
    output: workpanel/ReadCounts/WES51_S18.num_reads.txt
    log: logs/mosdepth.WES51_S18.log
    jobid: 161
    wildcards: sample=WES51_S18
    resources: tmpdir=/tmp

[Mon Oct 25 17:05:39 2021]
Finished job 157.
1 of 250 steps (0.4%) done
Select jobs to execute...

[Mon Oct 25 17:05:39 2021]
rule mosdepth:
    input: workpanel/WES9_S7.bam
    output: workpanel/Mosdepth/WES9_S7.per-base.bed.gz, workpanel/Mosdepth/WES9_S7.per-base.bed.gz.tbi
    log: logs/mosdepth.WES9_S7.log
    jobid: 82
    wildcards: sample=WES9_S7
    resources: tmpdir=/tmp

[Mon Oct 25 17:05:54 2021]
Finished job 87.
2 of 250 steps (1%) done
Select jobs to execute...

[Mon Oct 25 17:05:54 2021]
rule mosdepth:
    input: workpanel/WES6_S4.bam
    output: workpanel/Mosdepth/WES6_S4.per-base.bed.gz, workpanel/Mosdepth/WES6_S4.per-base.bed.gz.tbi
    log: logs/mosdepth.WES6_S4.log
    jobid: 79
    wildcards: sample=WES6_S4
    resources: tmpdir=/tmp

[Mon Oct 25 17:06:07 2021]
Finished job 85.
3 of 250 steps (1%) done
Select jobs to execute...

[Mon Oct 25 17:06:07 2021]
rule count_reads:
    input: workpanel/WES206_S44.bam
    output: workpanel/ReadCounts/WES206_S44.num_reads.txt
    log: logs/mosdepth.WES206_S44.log
    jobid: 109
    wildcards: sample=WES206_S44
    resources: tmpdir=/tmp

[Mon Oct 25 17:06:29 2021]
Finished job 88.
4 of 250 steps (2%) done
Select jobs to execute...

[Mon Oct 25 17:06:29 2021]
rule count_reads:
    input: workpanel/WES31_S65.bam
    output: workpanel/ReadCounts/WES31_S65.num_reads.txt
    log: logs/mosdepth.WES31_S65.log
    jobid: 139
    wildcards: sample=WES31_S65
    resources: tmpdir=/tmp

[Mon Oct 25 17:06:52 2021]
Finished job 117.
5 of 250 steps (2%) done
Select jobs to execute...

[Mon Oct 25 17:06:52 2021]
rule count_reads:
    input: workpanel/WES209_S38.bam
    output: workpanel/ReadCounts/WES209_S38.num_reads.txt
    log: logs/mosdepth.WES209_S38.log
    jobid: 112
    wildcards: sample=WES209_S38
    resources: tmpdir=/tmp

[Mon Oct 25 17:06:53 2021]
Finished job 116.
6 of 250 steps (2%) done
Select jobs to execute...

[Mon Oct 25 17:06:53 2021]
rule count_reads:
    input: workpanel/WES33_S34.bam
    output: workpanel/ReadCounts/WES33_S34.num_reads.txt
    log: logs/mosdepth.WES33_S34.log
    jobid: 141
    wildcards: sample=WES33_S34
    resources: tmpdir=/tmp

[Mon Oct 25 17:07:25 2021]
Finished job 86.
7 of 250 steps (3%) done
Select jobs to execute...

[Mon Oct 25 17:07:25 2021]
rule mosdepth:
    input: workpanel/WES11_S22.bam
    output: workpanel/Mosdepth/WES11_S22.per-base.bed.gz, workpanel/Mosdepth/WES11_S22.per-base.bed.gz.tbi
    log: logs/mosdepth.WES11_S22.log
    jobid: 8
    wildcards: sample=WES11_S22
    resources: tmpdir=/tmp

[Mon Oct 25 17:07:56 2021]
Finished job 147.
8 of 250 steps (3%) done
Select jobs to execute...

[Mon Oct 25 17:07:56 2021]
rule mosdepth:
    input: workpanel/WES29_S63.bam
    output: workpanel/Mosdepth/WES29_S63.per-base.bed.gz, workpanel/Mosdepth/WES29_S63.per-base.bed.gz.tbi
    log: logs/mosdepth.WES29_S63.log
    jobid: 53
    wildcards: sample=WES29_S63
    resources: tmpdir=/tmp

[Mon Oct 25 17:08:01 2021]
Finished job 143.
9 of 250 steps (4%) done
Select jobs to execute...

[Mon Oct 25 17:08:01 2021]
rule count_reads:
    input: workpanel/WES21_S43.bam
    output: workpanel/ReadCounts/WES21_S43.num_reads.txt
    log: logs/mosdepth.WES21_S43.log
    jobid: 113
    wildcards: sample=WES21_S43
    resources: tmpdir=/tmp

[Mon Oct 25 17:08:13 2021]
Finished job 114.
10 of 250 steps (4%) done
Select jobs to execute...

[Mon Oct 25 17:08:13 2021]
rule count_reads:
    input: workpanel/GIAB_042920_S12.bam
    output: workpanel/ReadCounts/GIAB_042920_S12.num_reads.txt
    log: logs/mosdepth.GIAB_042920_S12.log
    jobid: 84
    wildcards: sample=GIAB_042920_S12
    resources: tmpdir=/tmp

[Mon Oct 25 17:08:13 2021]
Finished job 142.
11 of 250 steps (4%) done
Select jobs to execute...

[Mon Oct 25 17:08:13 2021]
rule mosdepth:
    input: workpanel/WES206_rep_S58.bam
    output: workpanel/Mosdepth/WES206_rep_S58.per-base.bed.gz, workpanel/Mosdepth/WES206_rep_S58.per-base.bed.gz.tbi
    log: logs/mosdepth.WES206_rep_S58.log
    jobid: 25
    wildcards: sample=WES206_rep_S58
    resources: tmpdir=/tmp

[Mon Oct 25 17:08:13 2021]
Finished job 160.
12 of 250 steps (5%) done
Select jobs to execute...

[Mon Oct 25 17:08:14 2021]
rule count_reads:
    input: workpanel/WES210_S10.bam
    output: workpanel/ReadCounts/WES210_S10.num_reads.txt
    log: logs/mosdepth.WES210_S10.log
    jobid: 115
    wildcards: sample=WES210_S10
    resources: tmpdir=/tmp

[Mon Oct 25 17:08:24 2021]
Finished job 158.
13 of 250 steps (5%) done
Select jobs to execute...

[Mon Oct 25 17:08:24 2021]
rule mosdepth:
    input: workpanel/WES14_S57.bam
    output: workpanel/Mosdepth/WES14_S57.per-base.bed.gz, workpanel/Mosdepth/WES14_S57.per-base.bed.gz.tbi
    log: logs/mosdepth.WES14_S57.log
    jobid: 11
    wildcards: sample=WES14_S57
    resources: tmpdir=/tmp

[Mon Oct 25 17:08:27 2021]
Finished job 154.
14 of 250 steps (6%) done
Select jobs to execute...

[Mon Oct 25 17:08:27 2021]
rule mosdepth:
    input: workpanel/WES206_S44.bam
    output: workpanel/Mosdepth/WES206_S44.per-base.bed.gz, workpanel/Mosdepth/WES206_S44.per-base.bed.gz.tbi
    log: logs/mosdepth.WES206_S44.log
    jobid: 26
    wildcards: sample=WES206_S44
    resources: tmpdir=/tmp

[Mon Oct 25 17:08:34 2021]
Finished job 146.
15 of 250 steps (6%) done
Select jobs to execute...

[Mon Oct 25 17:08:34 2021]
rule mosdepth:
    input: workpanel/GIAB2_052020_S50.bam
    output: workpanel/Mosdepth/GIAB2_052020_S50.per-base.bed.gz, workpanel/Mosdepth/GIAB2_052020_S50.per-base.bed.gz.tbi
    log: logs/mosdepth.GIAB2_052020_S50.log
    jobid: 5
    wildcards: sample=GIAB2_052020_S50
    resources: tmpdir=/tmp

[Mon Oct 25 17:08:44 2021]
Finished job 109.
16 of 250 steps (6%) done
Select jobs to execute...

[Mon Oct 25 17:08:44 2021]
rule mosdepth:
    input: workpanel/WES209_S38.bam
    output: workpanel/Mosdepth/WES209_S38.per-base.bed.gz, workpanel/Mosdepth/WES209_S38.per-base.bed.gz.tbi
    log: logs/mosdepth.WES209_S38.log
    jobid: 29
    wildcards: sample=WES209_S38
    resources: tmpdir=/tmp

[Mon Oct 25 17:09:13 2021]
Finished job 161.
17 of 250 steps (7%) done
Select jobs to execute...

[Mon Oct 25 17:09:14 2021]
rule count_reads:
    input: workpanel/WES214_rep_S6.bam
    output: workpanel/ReadCounts/WES214_rep_S6.num_reads.txt
    log: logs/mosdepth.WES214_rep_S6.log
    jobid: 119
    wildcards: sample=WES214_rep_S6
    resources: tmpdir=/tmp

[Mon Oct 25 17:09:14 2021]
Finished job 145.
18 of 250 steps (7%) done
Select jobs to execute...

[Mon Oct 25 17:09:14 2021]
rule count_reads:
    input: workpanel/WES7_S5.bam
    output: workpanel/ReadCounts/WES7_S5.num_reads.txt
    log: logs/mosdepth.WES7_S5.log
    jobid: 163
    wildcards: sample=WES7_S5
    resources: tmpdir=/tmp

[Mon Oct 25 17:09:52 2021]
Finished job 140.
19 of 250 steps (8%) done
Select jobs to execute...

[Mon Oct 25 17:09:52 2021]
rule count_reads:
    input: workpanel/WES4_S3.bam
    output: workpanel/ReadCounts/WES4_S3.num_reads.txt
    log: logs/mosdepth.WES4_S3.log
    jobid: 148
    wildcards: sample=WES4_S3
    resources: tmpdir=/tmp

[Mon Oct 25 17:09:53 2021]
Finished job 112.
20 of 250 steps (8%) done
Select jobs to execute...

[Mon Oct 25 17:09:53 2021]
rule mosdepth:
    input: workpanel/WES18_rep_S60.bam
    output: workpanel/Mosdepth/WES18_rep_S60.per-base.bed.gz, workpanel/Mosdepth/WES18_rep_S60.per-base.bed.gz.tbi
    log: logs/mosdepth.WES18_rep_S60.log
    jobid: 15
    wildcards: sample=WES18_rep_S60
    resources: tmpdir=/tmp

[Mon Oct 25 17:10:12 2021]
Finished job 9.
21 of 250 steps (8%) done
Select jobs to execute...

[Mon Oct 25 17:10:12 2021]
rule count_reads:
    input: workpanel/WES10_S21.bam
    output: workpanel/ReadCounts/WES10_S21.num_reads.txt
    log: logs/mosdepth.WES10_S21.log
    jobid: 90
    wildcards: sample=WES10_S21
    resources: tmpdir=/tmp

[Mon Oct 25 17:10:19 2021]
Finished job 54.
22 of 250 steps (9%) done
Select jobs to execute...

[Mon Oct 25 17:10:19 2021]
rule mosdepth:
    input: workpanel/WES35_S15.bam
    output: workpanel/Mosdepth/WES35_S15.per-base.bed.gz, workpanel/Mosdepth/WES35_S15.per-base.bed.gz.tbi
    log: logs/mosdepth.WES35_S15.log
    jobid: 60
    wildcards: sample=WES35_S15
    resources: tmpdir=/tmp

[Mon Oct 25 17:10:21 2021]
Finished job 28.
23 of 250 steps (9%) done
Select jobs to execute...

[Mon Oct 25 17:10:21 2021]
rule count_reads:
    input: workpanel/WES8_S6.bam
    output: workpanel/ReadCounts/WES8_S6.num_reads.txt
    log: logs/mosdepth.WES8_S6.log
    jobid: 164
    wildcards: sample=WES8_S6
    resources: tmpdir=/tmp

[Mon Oct 25 17:10:29 2021]
Finished job 162.
24 of 250 steps (10%) done
Select jobs to execute...

[Mon Oct 25 17:10:30 2021]
rule mosdepth:
    input: workpanel/WES21_S53.bam
    output: workpanel/Mosdepth/WES21_S53.per-base.bed.gz, workpanel/Mosdepth/WES21_S53.per-base.bed.gz.tbi
    log: logs/mosdepth.WES21_S53.log
    jobid: 31
    wildcards: sample=WES21_S53
    resources: tmpdir=/tmp

[Mon Oct 25 17:10:50 2021]
Finished job 24.
25 of 250 steps (10%) done
Select jobs to execute...

[Mon Oct 25 17:10:50 2021]
rule count_reads:
    input: workpanel/WES11_S22.bam
    output: workpanel/ReadCounts/WES11_S22.num_reads.txt
    log: logs/mosdepth.WES11_S22.log
    jobid: 91
    wildcards: sample=WES11_S22
    resources: tmpdir=/tmp

[Mon Oct 25 17:10:58 2021]
Finished job 113.
26 of 250 steps (10%) done
Select jobs to execute...

[Mon Oct 25 17:10:58 2021]
rule count_reads:
    input: workpanel/WES215_S54.bam
    output: workpanel/ReadCounts/WES215_S54.num_reads.txt
    log: logs/mosdepth.WES215_S54.log
    jobid: 121
    wildcards: sample=WES215_S54
    resources: tmpdir=/tmp

[Mon Oct 25 17:11:02 2021]
Finished job 115.
27 of 250 steps (11%) done
Select jobs to execute...

[Mon Oct 25 17:11:02 2021]
rule count_reads:
    input: workpanel/WES9_S7.bam
    output: workpanel/ReadCounts/WES9_S7.num_reads.txt
    log: logs/mosdepth.WES9_S7.log
    jobid: 165
    wildcards: sample=WES9_S7
    resources: tmpdir=/tmp

[Mon Oct 25 17:11:06 2021]
Finished job 119.
28 of 250 steps (11%) done
Select jobs to execute...

[Mon Oct 25 17:11:06 2021]
rule mosdepth:
    input: workpanel/WES19_S31.bam
    output: workpanel/Mosdepth/WES19_S31.per-base.bed.gz, workpanel/Mosdepth/WES19_S31.per-base.bed.gz.tbi
    log: logs/mosdepth.WES19_S31.log
    jobid: 17
    wildcards: sample=WES19_S31
    resources: tmpdir=/tmp

[Mon Oct 25 17:11:41 2021]
Finished job 110.
29 of 250 steps (12%) done
Select jobs to execute...

[Mon Oct 25 17:11:42 2021]
rule mosdepth:
    input: workpanel/WES1_S1.bam
    output: workpanel/Mosdepth/WES1_S1.per-base.bed.gz, workpanel/Mosdepth/WES1_S1.per-base.bed.gz.tbi
    log: logs/mosdepth.WES1_S1.log
    jobid: 6
    wildcards: sample=WES1_S1
    resources: tmpdir=/tmp

[Mon Oct 25 17:12:19 2021]
Finished job 82.
30 of 250 steps (12%) done
Select jobs to execute...

[Mon Oct 25 17:12:19 2021]
rule mosdepth:
    input: workpanel/WES202_S9.bam
    output: workpanel/Mosdepth/WES202_S9.per-base.bed.gz, workpanel/Mosdepth/WES202_S9.per-base.bed.gz.tbi
    log: logs/mosdepth.WES202_S9.log
    jobid: 21
    wildcards: sample=WES202_S9
    resources: tmpdir=/tmp

[Mon Oct 25 17:12:33 2021]
Finished job 164.
31 of 250 steps (12%) done
Select jobs to execute...

[Mon Oct 25 17:12:33 2021]
rule count_reads:
    input: workpanel/WES216_S12.bam
    output: workpanel/ReadCounts/WES216_S12.num_reads.txt
    log: logs/mosdepth.WES216_S12.log
    jobid: 122
    wildcards: sample=WES216_S12
    resources: tmpdir=/tmp

[Mon Oct 25 17:12:34 2021]
Finished job 10.
32 of 250 steps (13%) done
Select jobs to execute...

[Mon Oct 25 17:12:34 2021]
rule mosdepth:
    input: workpanel/GIAB_062520_S4.bam
    output: workpanel/Mosdepth/GIAB_062520_S4.per-base.bed.gz, workpanel/Mosdepth/GIAB_062520_S4.per-base.bed.gz.tbi
    log: logs/mosdepth.GIAB_062520_S4.log
    jobid: 3
    wildcards: sample=GIAB_062520_S4
    resources: tmpdir=/tmp

[Mon Oct 25 17:12:42 2021]
Finished job 57.
33 of 250 steps (13%) done
Select jobs to execute...

[Mon Oct 25 17:12:42 2021]
rule mosdepth:
    input: workpanel/WES211_S11.bam
    output: workpanel/Mosdepth/WES211_S11.per-base.bed.gz, workpanel/Mosdepth/WES211_S11.per-base.bed.gz.tbi
    log: logs/mosdepth.WES211_S11.log
    jobid: 33
    wildcards: sample=WES211_S11
    resources: tmpdir=/tmp

[Mon Oct 25 17:12:43 2021]
Finished job 1.
34 of 250 steps (14%) done
Select jobs to execute...

[Mon Oct 25 17:12:43 2021]
rule mosdepth:
    input: workpanel/WES38_S30.bam
    output: workpanel/Mosdepth/WES38_S30.per-base.bed.gz, workpanel/Mosdepth/WES38_S30.per-base.bed.gz.tbi
    log: logs/mosdepth.WES38_S30.log
    jobid: 63
    wildcards: sample=WES38_S30
    resources: tmpdir=/tmp

[Mon Oct 25 17:12:44 2021]
Finished job 148.
35 of 250 steps (14%) done
Select jobs to execute...

[Mon Oct 25 17:12:44 2021]
rule count_reads:
    input: workpanel/WES13_S25.bam
    output: workpanel/ReadCounts/WES13_S25.num_reads.txt
    log: logs/mosdepth.WES13_S25.log
    jobid: 93
    wildcards: sample=WES13_S25
    resources: tmpdir=/tmp

[Mon Oct 25 17:12:44 2021]
Finished job 163.
36 of 250 steps (14%) done
Select jobs to execute...

[Mon Oct 25 17:12:44 2021]
rule count_reads:
    input: workpanel/WES217_S55.bam
    output: workpanel/ReadCounts/WES217_S55.num_reads.txt
    log: logs/mosdepth.WES217_S55.log
    jobid: 123
    wildcards: sample=WES217_S55
    resources: tmpdir=/tmp

[Mon Oct 25 17:12:52 2021]
Finished job 84.
37 of 250 steps (15%) done
Select jobs to execute...

[Mon Oct 25 17:12:52 2021]
rule count_reads:
    input: workpanel/WES43_S17.bam
    output: workpanel/ReadCounts/WES43_S17.num_reads.txt
    log: logs/mosdepth.WES43_S17.log
    jobid: 152
    wildcards: sample=WES43_S17
    resources: tmpdir=/tmp

[Mon Oct 25 17:12:54 2021]
Finished job 90.
38 of 250 steps (15%) done
Select jobs to execute...

[Mon Oct 25 17:12:54 2021]
rule mosdepth:
    input: workpanel/WES20_S32.bam
    output: workpanel/Mosdepth/WES20_S32.per-base.bed.gz, workpanel/Mosdepth/WES20_S32.per-base.bed.gz.tbi
    log: logs/mosdepth.WES20_S32.log
    jobid: 18
    wildcards: sample=WES20_S32
    resources: tmpdir=/tmp

[Mon Oct 25 17:13:21 2021]
Finished job 5.
39 of 250 steps (16%) done
Select jobs to execute...

[Mon Oct 25 17:13:21 2021]
rule mosdepth:
    input: workpanel/GIAB1_052020_S50.bam
    output: workpanel/Mosdepth/GIAB1_052020_S50.per-base.bed.gz, workpanel/Mosdepth/GIAB1_052020_S50.per-base.bed.gz.tbi
    log: logs/mosdepth.GIAB1_052020_S50.log
    jobid: 4
    wildcards: sample=GIAB1_052020_S50
    resources: tmpdir=/tmp

[Mon Oct 25 17:13:41 2021]
Finished job 25.
40 of 250 steps (16%) done
Select jobs to execute...

[Mon Oct 25 17:13:42 2021]
rule mosdepth:
    input: workpanel/WES201_S8.bam
    output: workpanel/Mosdepth/WES201_S8.per-base.bed.gz, workpanel/Mosdepth/WES201_S8.per-base.bed.gz.tbi
    log: logs/mosdepth.WES201_S8.log
    jobid: 19
    wildcards: sample=WES201_S8
    resources: tmpdir=/tmp

[Mon Oct 25 17:13:53 2021]
Finished job 165.
41 of 250 steps (16%) done
Select jobs to execute...

[Mon Oct 25 17:13:53 2021]
rule mosdepth:
    input: workpanel/WES212_S30.bam
    output: workpanel/Mosdepth/WES212_S30.per-base.bed.gz, workpanel/Mosdepth/WES212_S30.per-base.bed.gz.tbi
    log: logs/mosdepth.WES212_S30.log
    jobid: 34
    wildcards: sample=WES212_S30
    resources: tmpdir=/tmp

[Mon Oct 25 17:14:24 2021]
Finished job 121.
42 of 250 steps (17%) done
Select jobs to execute...

[Mon Oct 25 17:14:24 2021]
rule count_reads:
    input: workpanel/WES42_S10.bam
    output: workpanel/ReadCounts/WES42_S10.num_reads.txt
    log: logs/mosdepth.WES42_S10.log
    jobid: 151
    wildcards: sample=WES42_S10
    resources: tmpdir=/tmp

[Mon Oct 25 17:14:29 2021]
Finished job 27.
43 of 250 steps (17%) done
Select jobs to execute...

[Mon Oct 25 17:14:29 2021]
rule mosdepth:
    input: workpanel/WES39_S35.bam
    output: workpanel/Mosdepth/WES39_S35.per-base.bed.gz, workpanel/Mosdepth/WES39_S35.per-base.bed.gz.tbi
    log: logs/mosdepth.WES39_S35.log
    jobid: 64
    wildcards: sample=WES39_S35
    resources: tmpdir=/tmp

[Mon Oct 25 17:14:35 2021]
Finished job 8.
44 of 250 steps (18%) done
Select jobs to execute...

[Mon Oct 25 17:14:35 2021]
rule count_reads:
    input: workpanel/WES14_S57.bam
    output: workpanel/ReadCounts/WES14_S57.num_reads.txt
    log: logs/mosdepth.WES14_S57.log
    jobid: 94
    wildcards: sample=WES14_S57
    resources: tmpdir=/tmp

[Mon Oct 25 17:14:43 2021]
Finished job 91.
45 of 250 steps (18%) done
Select jobs to execute...

[Mon Oct 25 17:14:43 2021]
rule count_reads:
    input: workpanel/WES218_S47.bam
    output: workpanel/ReadCounts/WES218_S47.num_reads.txt
    log: logs/mosdepth.WES218_S47.log
    jobid: 124
    wildcards: sample=WES218_S47
    resources: tmpdir=/tmp

[Mon Oct 25 17:15:00 2021]
Finished job 11.
46 of 250 steps (18%) done
Select jobs to execute...

[Mon Oct 25 17:15:00 2021]
rule mosdepth:
    input: workpanel/WES8_S6.bam
    output: workpanel/Mosdepth/WES8_S6.per-base.bed.gz, workpanel/Mosdepth/WES8_S6.per-base.bed.gz.tbi
    log: logs/mosdepth.WES8_S6.log
    jobid: 81
    wildcards: sample=WES8_S6
    resources: tmpdir=/tmp

[Mon Oct 25 17:15:04 2021]
Finished job 26.
47 of 250 steps (19%) done
Select jobs to execute...

[Mon Oct 25 17:15:05 2021]
rule count_reads:
    input: workpanel/WES208_S33.bam
    output: workpanel/ReadCounts/WES208_S33.num_reads.txt
    log: logs/mosdepth.WES208_S33.log
    jobid: 111
    wildcards: sample=WES208_S33
    resources: tmpdir=/tmp

[Mon Oct 25 17:15:13 2021]
Finished job 141.
48 of 250 steps (19%) done
Select jobs to execute...

[Mon Oct 25 17:15:13 2021]
rule count_reads:
    input: workpanel/WES46_S32.bam
    output: workpanel/ReadCounts/WES46_S32.num_reads.txt
    log: logs/mosdepth.WES46_S32.log
    jobid: 155
    wildcards: sample=WES46_S32
    resources: tmpdir=/tmp

[Mon Oct 25 17:15:21 2021]
Finished job 15.
49 of 250 steps (20%) done
Select jobs to execute...

[Mon Oct 25 17:15:22 2021]
rule mosdepth:
    input: workpanel/WES27_S48.bam
    output: workpanel/Mosdepth/WES27_S48.per-base.bed.gz, workpanel/Mosdepth/WES27_S48.per-base.bed.gz.tbi
    log: logs/mosdepth.WES27_S48.log
    jobid: 51
    wildcards: sample=WES27_S48
    resources: tmpdir=/tmp

[Mon Oct 25 17:15:22 2021]
Finished job 29.
50 of 250 steps (20%) done
Select jobs to execute...

[Mon Oct 25 17:15:22 2021]
rule count_reads:
    input: workpanel/WES15_S26.bam
    output: workpanel/ReadCounts/WES15_S26.num_reads.txt
    log: logs/mosdepth.WES15_S26.log
    jobid: 95
    wildcards: sample=WES15_S26
    resources: tmpdir=/tmp

[Mon Oct 25 17:15:29 2021]
Finished job 13.
51 of 250 steps (20%) done
Select jobs to execute...

[Mon Oct 25 17:15:30 2021]
rule count_reads:
    input: workpanel/WES219_S56.bam
    output: workpanel/ReadCounts/WES219_S56.num_reads.txt
    log: logs/mosdepth.WES219_S56.log
    jobid: 125
    wildcards: sample=WES219_S56
    resources: tmpdir=/tmp

[Mon Oct 25 17:15:39 2021]
Finished job 122.
52 of 250 steps (21%) done
Select jobs to execute...

[Mon Oct 25 17:15:39 2021]
rule mosdepth:
    input: workpanel/WES214_rep_S6.bam
    output: workpanel/Mosdepth/WES214_rep_S6.per-base.bed.gz, workpanel/Mosdepth/WES214_rep_S6.per-base.bed.gz.tbi
    log: logs/mosdepth.WES214_rep_S6.log
    jobid: 36
    wildcards: sample=WES214_rep_S6
    resources: tmpdir=/tmp

[Mon Oct 25 17:15:46 2021]
Finished job 93.
53 of 250 steps (21%) done
Select jobs to execute...

[Mon Oct 25 17:15:46 2021]
rule mosdepth:
    input: workpanel/WES40_S15.bam
    output: workpanel/Mosdepth/WES40_S15.per-base.bed.gz, workpanel/Mosdepth/WES40_S15.per-base.bed.gz.tbi
    log: logs/mosdepth.WES40_S15.log
    jobid: 66
    wildcards: sample=WES40_S15
    resources: tmpdir=/tmp

[Mon Oct 25 17:15:49 2021]
Finished job 12.
54 of 250 steps (22%) done
Select jobs to execute...

[Mon Oct 25 17:15:49 2021]
rule mosdepth:
    input: workpanel/WES4_S3.bam
    output: workpanel/Mosdepth/WES4_S3.per-base.bed.gz, workpanel/Mosdepth/WES4_S3.per-base.bed.gz.tbi
    log: logs/mosdepth.WES4_S3.log
    jobid: 65
    wildcards: sample=WES4_S3
    resources: tmpdir=/tmp

[Mon Oct 25 17:15:54 2021]
Finished job 79.
55 of 250 steps (22%) done
Select jobs to execute...

[Mon Oct 25 17:15:54 2021]
rule count_reads:
    input: workpanel/WES16_S27.bam
    output: workpanel/ReadCounts/WES16_S27.num_reads.txt
    log: logs/mosdepth.WES16_S27.log
    jobid: 96
    wildcards: sample=WES16_S27
    resources: tmpdir=/tmp

[Mon Oct 25 17:16:05 2021]
Finished job 152.
56 of 250 steps (22%) done
Select jobs to execute...

[Mon Oct 25 17:16:05 2021]
rule count_reads:
    input: workpanel/WES220_S49.bam
    output: workpanel/ReadCounts/WES220_S49.num_reads.txt
    log: logs/mosdepth.WES220_S49.log
    jobid: 126
    wildcards: sample=WES220_S49
    resources: tmpdir=/tmp

[Mon Oct 25 17:16:18 2021]
Finished job 123.
57 of 250 steps (23%) done
Select jobs to execute...

[Mon Oct 25 17:16:18 2021]
rule count_reads:
    input: workpanel/WES226_S19.bam
    output: workpanel/ReadCounts/WES226_S19.num_reads.txt
    log: logs/mosdepth.WES226_S19.log
    jobid: 127
    wildcards: sample=WES226_S19
    resources: tmpdir=/tmp

[Mon Oct 25 17:16:22 2021]
Finished job 4.
58 of 250 steps (23%) done
Select jobs to execute...

[Mon Oct 25 17:16:23 2021]
rule mosdepth:
    input: workpanel/WES214_S40.bam
    output: workpanel/Mosdepth/WES214_S40.per-base.bed.gz, workpanel/Mosdepth/WES214_S40.per-base.bed.gz.tbi
    log: logs/mosdepth.WES214_S40.log
    jobid: 37
    wildcards: sample=WES214_S40
    resources: tmpdir=/tmp

[Mon Oct 25 17:16:37 2021]
Finished job 94.
59 of 250 steps (24%) done
Select jobs to execute...

[Mon Oct 25 17:16:37 2021]
rule count_reads:
    input: workpanel/WES17_S28.bam
    output: workpanel/ReadCounts/WES17_S28.num_reads.txt
    log: logs/mosdepth.WES17_S28.log
    jobid: 97
    wildcards: sample=WES17_S28
    resources: tmpdir=/tmp

[Mon Oct 25 17:16:42 2021]
Finished job 124.
60 of 250 steps (24%) done
Select jobs to execute...

[Mon Oct 25 17:16:42 2021]
rule mosdepth:
    input: workpanel/WES227_S25.bam
    output: workpanel/Mosdepth/WES227_S25.per-base.bed.gz, workpanel/Mosdepth/WES227_S25.per-base.bed.gz.tbi
    log: logs/mosdepth.WES227_S25.log
    jobid: 45
    wildcards: sample=WES227_S25
    resources: tmpdir=/tmp

[Mon Oct 25 17:16:46 2021]
Finished job 53.
61 of 250 steps (24%) done
Select jobs to execute...

[Mon Oct 25 17:16:46 2021]
rule mosdepth:
    input: workpanel/WES49_S5.bam
    output: workpanel/Mosdepth/WES49_S5.per-base.bed.gz, workpanel/Mosdepth/WES49_S5.per-base.bed.gz.tbi
    log: logs/mosdepth.WES49_S5.log
    jobid: 75
    wildcards: sample=WES49_S5
    resources: tmpdir=/tmp

[Mon Oct 25 17:17:11 2021]
Finished job 151.
62 of 250 steps (25%) done
Select jobs to execute...

[Mon Oct 25 17:17:11 2021]
rule count_reads:
    input: workpanel/WES203_S50.bam
    output: workpanel/ReadCounts/WES203_S50.num_reads.txt
    log: logs/mosdepth.WES203_S50.log
    jobid: 105
    wildcards: sample=WES203_S50
    resources: tmpdir=/tmp

[Mon Oct 25 17:17:16 2021]
Finished job 111.
63 of 250 steps (25%) done
Select jobs to execute...

[Mon Oct 25 17:17:16 2021]
rule count_reads:
    input: workpanel/WES28_S62.bam
    output: workpanel/ReadCounts/WES28_S62.num_reads.txt
    log: logs/mosdepth.WES28_S62.log
    jobid: 135
    wildcards: sample=WES28_S62
    resources: tmpdir=/tmp

[Mon Oct 25 17:17:38 2021]
Finished job 60.
64 of 250 steps (26%) done
Select jobs to execute...

[Mon Oct 25 17:17:38 2021]
rule count_reads:
    input: workpanel/WES204_S51.bam
    output: workpanel/ReadCounts/WES204_S51.num_reads.txt
    log: logs/mosdepth.WES204_S51.log
    jobid: 106
    wildcards: sample=WES204_S51
    resources: tmpdir=/tmp

[Mon Oct 25 17:17:49 2021]
Finished job 126.
65 of 250 steps (26%) done
Select jobs to execute...

[Mon Oct 25 17:17:49 2021]
rule mosdepth:
    input: workpanel/WES204_S51.bam
    output: workpanel/Mosdepth/WES204_S51.per-base.bed.gz, workpanel/Mosdepth/WES204_S51.per-base.bed.gz.tbi
    log: logs/mosdepth.WES204_S51.log
    jobid: 23
    wildcards: sample=WES204_S51
    resources: tmpdir=/tmp

[Mon Oct 25 17:17:57 2021]
Finished job 125.
66 of 250 steps (26%) done
Select jobs to execute...

[Mon Oct 25 17:17:57 2021]
rule mosdepth:
    input: workpanel/WES41_S3.bam
    output: workpanel/Mosdepth/WES41_S3.per-base.bed.gz, workpanel/Mosdepth/WES41_S3.per-base.bed.gz.tbi
    log: logs/mosdepth.WES41_S3.log
    jobid: 67
    wildcards: sample=WES41_S3
    resources: tmpdir=/tmp

[Mon Oct 25 17:17:59 2021]
Finished job 58.
67 of 250 steps (27%) done
Select jobs to execute...

[Mon Oct 25 17:17:59 2021]
rule gzip_probes:
    input: workpanel/Probes/probes.original.bed
    output: workpanel/Probes/probes.sorted.bed.gz, workpanel/Probes/probes.sorted.bed.gz.tbi
    jobid: 83
    resources: tmpdir=/tmp

